
 /----------------------------------------------------------------------------\
 |  yosys -- Yosys Open SYnthesis Suite                                       |
 |  Copyright (C) 2012 - 2024  Claire Xenia Wolf <claire@yosyshq.com>         |
 |  Distributed under an ISC-like license, type "license" to see terms        |
 \----------------------------------------------------------------------------/
 Yosys 0.48+51 (git sha1 17a53b838, g++ 12.2.0-14 -fPIC -O3)
[TCL: yosys -import] Command name collision: found pre-existing command `cd' -> skip.
[TCL: yosys -import] Command name collision: found pre-existing command `eval' -> skip.
[TCL: yosys -import] Command name collision: found pre-existing command `exec' -> skip.
[TCL: yosys -import] Command name collision: found pre-existing command `read' -> skip.
[TCL: yosys -import] Command name collision: found pre-existing command `trace' -> skip.

1. Executing Verilog-2005 frontend: /cal/exterieurs/saitfora-23/2A/SE/souhail-ait-fora/median/synthese/../src/MCE.sv
Parsing SystemVerilog input from `/cal/exterieurs/saitfora-23/2A/SE/souhail-ait-fora/median/synthese/../src/MCE.sv' to AST representation.
Generating RTLIL representation for module `\MCE'.
Successfully finished Verilog frontend.

2. Executing HIERARCHY pass (managing design hierarchy).

2.1. Analyzing design hierarchy..
Top module:  \MCE

2.2. Analyzing design hierarchy..
Top module:  \MCE
Removed 0 unused modules.

3. Executing PREP pass.

3.1. Executing HIERARCHY pass (managing design hierarchy).
Attribute `top' found on module `MCE'. Setting top module to MCE.

3.1.1. Analyzing design hierarchy..
Top module:  \MCE

3.1.2. Analyzing design hierarchy..
Top module:  \MCE
Removed 0 unused modules.

3.2. Executing PROC pass (convert processes to netlists).

3.2.1. Executing PROC_CLEAN pass (remove empty switches from decision trees).
Cleaned up 0 empty switches.

3.2.2. Executing PROC_RMDEAD pass (remove dead branches from decision trees).
Removed a total of 0 dead cases.

3.2.3. Executing PROC_PRUNE pass (remove redundant assignments in processes).
Removed 0 redundant assignments.
Promoted 0 assignments to connections.

3.2.4. Executing PROC_INIT pass (extract init attributes).

3.2.5. Executing PROC_ARST pass (detect async resets in processes).

3.2.6. Executing PROC_ROM pass (convert switches to ROMs).
Converted 0 switches.

3.2.7. Executing PROC_MUX pass (convert decision trees to multiplexers).

3.2.8. Executing PROC_DLATCH pass (convert process syncs to latches).

3.2.9. Executing PROC_DFF pass (convert process syncs to FFs).

3.2.10. Executing PROC_MEMWR pass (convert process memory writes to cells).

3.2.11. Executing PROC_CLEAN pass (remove empty switches from decision trees).
Cleaned up 0 empty switches.

3.2.12. Executing OPT_EXPR pass (perform const folding).
Optimizing module MCE.

3.3. Executing FUTURE pass.

3.4. Executing OPT_EXPR pass (perform const folding).
Optimizing module MCE.

3.5. Executing OPT_CLEAN pass (remove unused cells and wires).
Finding unused cells or wires in module \MCE..
Removed 0 unused cells and 2 unused wires.
<suppressed ~1 debug messages>

3.6. Executing CHECK pass (checking for obvious problems).
Checking module MCE...
Found and reported 0 problems.

3.7. Executing OPT pass (performing simple optimizations).

3.7.1. Executing OPT_EXPR pass (perform const folding).
Optimizing module MCE.

3.7.2. Executing OPT_MERGE pass (detect identical cells).
Finding identical cells in module `\MCE'.
<suppressed ~3 debug messages>
Removed a total of 1 cells.

3.7.3. Executing OPT_MUXTREE pass (detect dead branches in mux trees).
Running muxtree optimizer on module \MCE..
  Creating internal representation of mux trees.
  Evaluating internal representation of mux trees.
  Analyzing evaluation results.
Removed 0 multiplexer ports.
<suppressed ~2 debug messages>

3.7.4. Executing OPT_REDUCE pass (consolidate $*mux and $reduce_* inputs).
  Optimizing cells in module \MCE.
Performed a total of 0 changes.

3.7.5. Executing OPT_MERGE pass (detect identical cells).
Finding identical cells in module `\MCE'.
Removed a total of 0 cells.

3.7.6. Executing OPT_CLEAN pass (remove unused cells and wires).
Finding unused cells or wires in module \MCE..
Removed 0 unused cells and 1 unused wires.
<suppressed ~1 debug messages>

3.7.7. Executing OPT_EXPR pass (perform const folding).
Optimizing module MCE.

3.7.8. Rerunning OPT passes. (Maybe there is more to do..)

3.7.9. Executing OPT_MUXTREE pass (detect dead branches in mux trees).
Running muxtree optimizer on module \MCE..
  Creating internal representation of mux trees.
  Evaluating internal representation of mux trees.
  Analyzing evaluation results.
Removed 0 multiplexer ports.
<suppressed ~2 debug messages>

3.7.10. Executing OPT_REDUCE pass (consolidate $*mux and $reduce_* inputs).
  Optimizing cells in module \MCE.
Performed a total of 0 changes.

3.7.11. Executing OPT_MERGE pass (detect identical cells).
Finding identical cells in module `\MCE'.
Removed a total of 0 cells.

3.7.12. Executing OPT_CLEAN pass (remove unused cells and wires).
Finding unused cells or wires in module \MCE..

3.7.13. Executing OPT_EXPR pass (perform const folding).
Optimizing module MCE.

3.7.14. Finished OPT passes. (There is nothing left to do.)

3.8. Executing WREDUCE pass (reducing word size of cells).

3.9. Executing OPT_CLEAN pass (remove unused cells and wires).
Finding unused cells or wires in module \MCE..

3.10. Executing MEMORY_COLLECT pass (generating $mem cells).

3.11. Executing OPT pass (performing simple optimizations).

3.11.1. Executing OPT_EXPR pass (perform const folding).
Optimizing module MCE.

3.11.2. Executing OPT_MERGE pass (detect identical cells).
Finding identical cells in module `\MCE'.
Removed a total of 0 cells.

3.11.3. Executing OPT_CLEAN pass (remove unused cells and wires).
Finding unused cells or wires in module \MCE..

3.11.4. Finished fast OPT passes.

3.12. Printing statistics.

=== MCE ===

   Number of wires:                  5
   Number of wire bits:             33
   Number of public wires:           4
   Number of public wire bits:      32
   Number of ports:                  4
   Number of port bits:             32
   Number of memories:               0
   Number of memory bits:            0
   Number of processes:              0
   Number of cells:                  3
     $gt                             1
     $mux                            2

3.13. Executing CHECK pass (checking for obvious problems).
Checking module MCE...
Found and reported 0 problems.

4. Executing JSON backend.

5. Executing SYNTH_INTEL_ALM pass.

5.1. Executing Verilog-2005 frontend: /comelec/softs/opt/yosys/current/bin/../share/yosys/intel_alm/cyclonev/cells_sim.v
Parsing SystemVerilog input from `/comelec/softs/opt/yosys/current/bin/../share/yosys/intel_alm/cyclonev/cells_sim.v' to AST representation.
Generating RTLIL representation for module `\VCC'.
Generating RTLIL representation for module `\GND'.
Generating RTLIL representation for module `\cyclonev_io_ibuf'.
Generating RTLIL representation for module `\cyclonev_io_obuf'.
Generating RTLIL representation for module `\cyclonev_lcell_comb'.
Generating RTLIL representation for module `\dffeas'.
Successfully finished Verilog frontend.

5.2. Executing Verilog-2005 frontend: /comelec/softs/opt/yosys/current/bin/../share/yosys/intel_alm/common/alm_sim.v
Parsing Verilog input from `/comelec/softs/opt/yosys/current/bin/../share/yosys/intel_alm/common/alm_sim.v' to AST representation.
Generating RTLIL representation for module `\MISTRAL_ALUT6'.
Generating RTLIL representation for module `\MISTRAL_ALUT5'.
Generating RTLIL representation for module `\MISTRAL_ALUT4'.
Generating RTLIL representation for module `\MISTRAL_ALUT3'.
Generating RTLIL representation for module `\MISTRAL_ALUT2'.
Generating RTLIL representation for module `\MISTRAL_NOT'.
Generating RTLIL representation for module `\MISTRAL_ALUT_ARITH'.
Successfully finished Verilog frontend.

5.3. Executing Verilog-2005 frontend: /comelec/softs/opt/yosys/current/bin/../share/yosys/intel_alm/common/dff_sim.v
Parsing Verilog input from `/comelec/softs/opt/yosys/current/bin/../share/yosys/intel_alm/common/dff_sim.v' to AST representation.
Generating RTLIL representation for module `\MISTRAL_FF'.
Successfully finished Verilog frontend.

5.4. Executing Verilog-2005 frontend: /comelec/softs/opt/yosys/current/bin/../share/yosys/intel_alm/common/dsp_sim.v
Parsing Verilog input from `/comelec/softs/opt/yosys/current/bin/../share/yosys/intel_alm/common/dsp_sim.v' to AST representation.
Generating RTLIL representation for module `\MISTRAL_MUL27X27'.
Generating RTLIL representation for module `\MISTRAL_MUL18X18'.
Generating RTLIL representation for module `\MISTRAL_MUL9X9'.
Successfully finished Verilog frontend.

5.5. Executing Verilog-2005 frontend: /comelec/softs/opt/yosys/current/bin/../share/yosys/intel_alm/common/mem_sim.v
Parsing Verilog input from `/comelec/softs/opt/yosys/current/bin/../share/yosys/intel_alm/common/mem_sim.v' to AST representation.
Generating RTLIL representation for module `\MISTRAL_MLAB'.
Generating RTLIL representation for module `\MISTRAL_M10K'.
Successfully finished Verilog frontend.

5.6. Executing Verilog-2005 frontend: /comelec/softs/opt/yosys/current/bin/../share/yosys/intel_alm/common/misc_sim.v
Parsing Verilog input from `/comelec/softs/opt/yosys/current/bin/../share/yosys/intel_alm/common/misc_sim.v' to AST representation.
Generating RTLIL representation for module `\MISTRAL_IB'.
Generating RTLIL representation for module `\MISTRAL_OB'.
Generating RTLIL representation for module `\MISTRAL_IO'.
Generating RTLIL representation for module `\MISTRAL_CLKBUF'.
Successfully finished Verilog frontend.

5.7. Executing Verilog-2005 frontend: /comelec/softs/opt/yosys/current/bin/../share/yosys/intel_alm/common/abc9_model.v
Parsing Verilog input from `/comelec/softs/opt/yosys/current/bin/../share/yosys/intel_alm/common/abc9_model.v' to AST representation.
Generating RTLIL representation for module `$__MISTRAL_FF_SYNCONLY'.
Successfully finished Verilog frontend.

5.8. Executing Verilog-2005 frontend: /comelec/softs/opt/yosys/current/bin/../share/yosys/intel/common/altpll_bb.v
Parsing Verilog input from `/comelec/softs/opt/yosys/current/bin/../share/yosys/intel/common/altpll_bb.v' to AST representation.
Successfully finished Verilog frontend.

5.9. Executing Verilog-2005 frontend: /comelec/softs/opt/yosys/current/bin/../share/yosys/intel_alm/common/megafunction_bb.v
Parsing Verilog input from `/comelec/softs/opt/yosys/current/bin/../share/yosys/intel_alm/common/megafunction_bb.v' to AST representation.
Generating RTLIL representation for module `\altera_pll'.
Generating RTLIL representation for module `\altera_std_synchronizer'.
Generating RTLIL representation for module `\altddio_in'.
Generating RTLIL representation for module `\altddio_out'.
Generating RTLIL representation for module `\altddio_bidir'.
Generating RTLIL representation for module `\altiobuf_in'.
Generating RTLIL representation for module `\altiobuf_out'.
Generating RTLIL representation for module `\altiobuf_bidir'.
Generating RTLIL representation for module `\altsyncram'.
Generating RTLIL representation for module `\cyclonev_mlab_cell'.
Generating RTLIL representation for module `\cyclonev_mac'.
Generating RTLIL representation for module `\cyclone10gx_mac'.
Generating RTLIL representation for module `\cyclonev_ram_block'.
Generating RTLIL representation for module `\cyclone10gx_io_ibuf'.
Generating RTLIL representation for module `\cyclone10gx_io_obuf'.
Generating RTLIL representation for module `\cyclonev_clkena'.
Generating RTLIL representation for module `\cyclone10gx_clkena'.
Generating RTLIL representation for module `\cyclonev_oscillator'.
Generating RTLIL representation for module `\cyclonev_hps_interface_mpu_general_purpose'.
Successfully finished Verilog frontend.

5.10. Executing HIERARCHY pass (managing design hierarchy).
Attribute `top' found on module `MCE'. Setting top module to MCE.

5.10.1. Analyzing design hierarchy..
Top module:  \MCE

5.10.2. Analyzing design hierarchy..
Top module:  \MCE
Removed 0 unused modules.

5.11. Executing PROC pass (convert processes to netlists).

5.11.1. Executing PROC_CLEAN pass (remove empty switches from decision trees).
Cleaned up 0 empty switches.

5.11.2. Executing PROC_RMDEAD pass (remove dead branches from decision trees).
Marked 1 switch rules as full_case in process $proc$/comelec/softs/opt/yosys/current/bin/../share/yosys/intel_alm/common/mem_sim.v:65$94 in module MISTRAL_MLAB.
Marked 3 switch rules as full_case in process $proc$/comelec/softs/opt/yosys/current/bin/../share/yosys/intel_alm/common/dff_sim.v:86$69 in module MISTRAL_FF.
Removed a total of 0 dead cases.

5.11.3. Executing PROC_PRUNE pass (remove redundant assignments in processes).
Removed 0 redundant assignments.
Promoted 5 assignments to connections.

5.11.4. Executing PROC_INIT pass (extract init attributes).
Found init rule in `\MISTRAL_MLAB.$proc$/comelec/softs/opt/yosys/current/bin/../share/yosys/intel_alm/common/mem_sim.v:49$107'.
  Set init value: \mem = 0
Found init rule in `\MISTRAL_FF.$proc$/comelec/softs/opt/yosys/current/bin/../share/yosys/intel_alm/common/dff_sim.v:0$71'.
  Set init value: \Q = 1'0

5.11.5. Executing PROC_ARST pass (detect async resets in processes).
Found async reset \ACLR in `\MISTRAL_FF.$proc$/comelec/softs/opt/yosys/current/bin/../share/yosys/intel_alm/common/dff_sim.v:86$69'.

5.11.6. Executing PROC_ROM pass (convert switches to ROMs).
Converted 0 switches.
<suppressed ~4 debug messages>

5.11.7. Executing PROC_MUX pass (convert decision trees to multiplexers).
Creating decoders for process `\MISTRAL_MLAB.$proc$/comelec/softs/opt/yosys/current/bin/../share/yosys/intel_alm/common/mem_sim.v:49$107'.
Creating decoders for process `\MISTRAL_MLAB.$proc$/comelec/softs/opt/yosys/current/bin/../share/yosys/intel_alm/common/mem_sim.v:65$94'.
     1/2: $1$lookahead\mem$93[31:0]$98
     2/2: $1$bitselwrite$pos$/comelec/softs/opt/yosys/current/bin/../share/yosys/intel_alm/common/mem_sim.v:66$92[4:0]$97
Creating decoders for process `\MISTRAL_FF.$proc$/comelec/softs/opt/yosys/current/bin/../share/yosys/intel_alm/common/dff_sim.v:0$71'.
Creating decoders for process `\MISTRAL_FF.$proc$/comelec/softs/opt/yosys/current/bin/../share/yosys/intel_alm/common/dff_sim.v:86$69'.
     1/1: $0\Q[0:0]

5.11.8. Executing PROC_DLATCH pass (convert process syncs to latches).

5.11.9. Executing PROC_DFF pass (convert process syncs to FFs).
Creating register for signal `\MISTRAL_MLAB.\mem' using process `\MISTRAL_MLAB.$proc$/comelec/softs/opt/yosys/current/bin/../share/yosys/intel_alm/common/mem_sim.v:65$94'.
  created $dff cell `$procdff$123' with positive edge clock.
Creating register for signal `\MISTRAL_MLAB.$bitselwrite$pos$/comelec/softs/opt/yosys/current/bin/../share/yosys/intel_alm/common/mem_sim.v:66$92' using process `\MISTRAL_MLAB.$proc$/comelec/softs/opt/yosys/current/bin/../share/yosys/intel_alm/common/mem_sim.v:65$94'.
  created $dff cell `$procdff$124' with positive edge clock.
Creating register for signal `\MISTRAL_MLAB.$lookahead\mem$93' using process `\MISTRAL_MLAB.$proc$/comelec/softs/opt/yosys/current/bin/../share/yosys/intel_alm/common/mem_sim.v:65$94'.
  created $dff cell `$procdff$125' with positive edge clock.
Creating register for signal `\MISTRAL_FF.\Q' using process `\MISTRAL_FF.$proc$/comelec/softs/opt/yosys/current/bin/../share/yosys/intel_alm/common/dff_sim.v:86$69'.
  created $adff cell `$procdff$130' with positive edge clock and positive level reset.

5.11.10. Executing PROC_MEMWR pass (convert process memory writes to cells).

5.11.11. Executing PROC_CLEAN pass (remove empty switches from decision trees).
Removing empty process `MISTRAL_MLAB.$proc$/comelec/softs/opt/yosys/current/bin/../share/yosys/intel_alm/common/mem_sim.v:49$107'.
Found and cleaned up 1 empty switch in `\MISTRAL_MLAB.$proc$/comelec/softs/opt/yosys/current/bin/../share/yosys/intel_alm/common/mem_sim.v:65$94'.
Removing empty process `MISTRAL_MLAB.$proc$/comelec/softs/opt/yosys/current/bin/../share/yosys/intel_alm/common/mem_sim.v:65$94'.
Removing empty process `MISTRAL_FF.$proc$/comelec/softs/opt/yosys/current/bin/../share/yosys/intel_alm/common/dff_sim.v:0$71'.
Found and cleaned up 3 empty switches in `\MISTRAL_FF.$proc$/comelec/softs/opt/yosys/current/bin/../share/yosys/intel_alm/common/dff_sim.v:86$69'.
Removing empty process `MISTRAL_FF.$proc$/comelec/softs/opt/yosys/current/bin/../share/yosys/intel_alm/common/dff_sim.v:86$69'.
Cleaned up 4 empty switches.

5.11.12. Executing OPT_EXPR pass (perform const folding).
Optimizing module MCE.

5.12. Executing FLATTEN pass (flatten design).

5.13. Executing TRIBUF pass.

5.14. Executing DEMINOUT pass (demote inout ports to input or output).

5.15. Executing OPT_EXPR pass (perform const folding).
Optimizing module MCE.

5.16. Executing OPT_CLEAN pass (remove unused cells and wires).
Finding unused cells or wires in module \MCE..

5.17. Executing CHECK pass (checking for obvious problems).
Checking module MCE...
Found and reported 0 problems.

5.18. Executing OPT pass (performing simple optimizations).

5.18.1. Executing OPT_EXPR pass (perform const folding).
Optimizing module MCE.

5.18.2. Executing OPT_MERGE pass (detect identical cells).
Finding identical cells in module `\MCE'.
Removed a total of 0 cells.

5.18.3. Executing OPT_MUXTREE pass (detect dead branches in mux trees).
Running muxtree optimizer on module \MCE..
  Creating internal representation of mux trees.
  Evaluating internal representation of mux trees.
  Analyzing evaluation results.
Removed 0 multiplexer ports.
<suppressed ~2 debug messages>

5.18.4. Executing OPT_REDUCE pass (consolidate $*mux and $reduce_* inputs).
  Optimizing cells in module \MCE.
Performed a total of 0 changes.

5.18.5. Executing OPT_MERGE pass (detect identical cells).
Finding identical cells in module `\MCE'.
Removed a total of 0 cells.

5.18.6. Executing OPT_DFF pass (perform DFF optimizations).

5.18.7. Executing OPT_CLEAN pass (remove unused cells and wires).
Finding unused cells or wires in module \MCE..

5.18.8. Executing OPT_EXPR pass (perform const folding).
Optimizing module MCE.

5.18.9. Finished OPT passes. (There is nothing left to do.)

5.19. Executing FSM pass (extract and optimize FSM).

5.19.1. Executing FSM_DETECT pass (finding FSMs in design).

5.19.2. Executing FSM_EXTRACT pass (extracting FSM from design).

5.19.3. Executing FSM_OPT pass (simple optimizations of FSMs).

5.19.4. Executing OPT_CLEAN pass (remove unused cells and wires).
Finding unused cells or wires in module \MCE..

5.19.5. Executing FSM_OPT pass (simple optimizations of FSMs).

5.19.6. Executing FSM_RECODE pass (re-assigning FSM state encoding).

5.19.7. Executing FSM_INFO pass (dumping all available information on FSM cells).

5.19.8. Executing FSM_MAP pass (mapping FSMs to basic logic).

5.20. Executing OPT pass (performing simple optimizations).

5.20.1. Executing OPT_EXPR pass (perform const folding).
Optimizing module MCE.

5.20.2. Executing OPT_MERGE pass (detect identical cells).
Finding identical cells in module `\MCE'.
Removed a total of 0 cells.

5.20.3. Executing OPT_MUXTREE pass (detect dead branches in mux trees).
Running muxtree optimizer on module \MCE..
  Creating internal representation of mux trees.
  Evaluating internal representation of mux trees.
  Analyzing evaluation results.
Removed 0 multiplexer ports.
<suppressed ~2 debug messages>

5.20.4. Executing OPT_REDUCE pass (consolidate $*mux and $reduce_* inputs).
  Optimizing cells in module \MCE.
Performed a total of 0 changes.

5.20.5. Executing OPT_MERGE pass (detect identical cells).
Finding identical cells in module `\MCE'.
Removed a total of 0 cells.

5.20.6. Executing OPT_DFF pass (perform DFF optimizations).

5.20.7. Executing OPT_CLEAN pass (remove unused cells and wires).
Finding unused cells or wires in module \MCE..

5.20.8. Executing OPT_EXPR pass (perform const folding).
Optimizing module MCE.

5.20.9. Finished OPT passes. (There is nothing left to do.)

5.21. Executing WREDUCE pass (reducing word size of cells).

5.22. Executing PEEPOPT pass (run peephole optimizers).

5.23. Executing OPT_CLEAN pass (remove unused cells and wires).
Finding unused cells or wires in module \MCE..

5.24. Executing SHARE pass (SAT-based resource sharing).

5.25. Executing TECHMAP pass (map to technology primitives).

5.25.1. Executing Verilog-2005 frontend: /comelec/softs/opt/yosys/current/bin/../share/yosys/cmp2lut.v
Parsing Verilog input from `/comelec/softs/opt/yosys/current/bin/../share/yosys/cmp2lut.v' to AST representation.
Generating RTLIL representation for module `\_90_lut_cmp_'.
Successfully finished Verilog frontend.

5.25.2. Continuing TECHMAP pass.
No more expansions possible.
<suppressed ~36 debug messages>

5.26. Executing OPT_EXPR pass (perform const folding).
Optimizing module MCE.

5.27. Executing OPT_CLEAN pass (remove unused cells and wires).
Finding unused cells or wires in module \MCE..

5.28. Executing TECHMAP pass (map to technology primitives).

5.28.1. Executing Verilog-2005 frontend: /comelec/softs/opt/yosys/current/bin/../share/yosys/mul2dsp.v
Parsing Verilog input from `/comelec/softs/opt/yosys/current/bin/../share/yosys/mul2dsp.v' to AST representation.
Generating RTLIL representation for module `\_80_mul'.
Generating RTLIL representation for module `\_90_soft_mul'.
Successfully finished Verilog frontend.

5.28.2. Continuing TECHMAP pass.
No more expansions possible.
<suppressed ~4 debug messages>

5.29. Executing TECHMAP pass (map to technology primitives).

5.29.1. Executing Verilog-2005 frontend: /comelec/softs/opt/yosys/current/bin/../share/yosys/mul2dsp.v
Parsing Verilog input from `/comelec/softs/opt/yosys/current/bin/../share/yosys/mul2dsp.v' to AST representation.
Generating RTLIL representation for module `\_80_mul'.
Generating RTLIL representation for module `\_90_soft_mul'.
Successfully finished Verilog frontend.

5.29.2. Continuing TECHMAP pass.
No more expansions possible.
<suppressed ~4 debug messages>

5.30. Executing TECHMAP pass (map to technology primitives).

5.30.1. Executing Verilog-2005 frontend: /comelec/softs/opt/yosys/current/bin/../share/yosys/mul2dsp.v
Parsing Verilog input from `/comelec/softs/opt/yosys/current/bin/../share/yosys/mul2dsp.v' to AST representation.
Generating RTLIL representation for module `\_80_mul'.
Generating RTLIL representation for module `\_90_soft_mul'.
Successfully finished Verilog frontend.

5.30.2. Continuing TECHMAP pass.
No more expansions possible.
<suppressed ~4 debug messages>

5.31. Executing TECHMAP pass (map to technology primitives).

5.31.1. Executing Verilog-2005 frontend: /comelec/softs/opt/yosys/current/bin/../share/yosys/mul2dsp.v
Parsing Verilog input from `/comelec/softs/opt/yosys/current/bin/../share/yosys/mul2dsp.v' to AST representation.
Generating RTLIL representation for module `\_80_mul'.
Generating RTLIL representation for module `\_90_soft_mul'.
Successfully finished Verilog frontend.

5.31.2. Continuing TECHMAP pass.
No more expansions possible.
<suppressed ~4 debug messages>

5.32. Executing TECHMAP pass (map to technology primitives).

5.32.1. Executing Verilog-2005 frontend: /comelec/softs/opt/yosys/current/bin/../share/yosys/mul2dsp.v
Parsing Verilog input from `/comelec/softs/opt/yosys/current/bin/../share/yosys/mul2dsp.v' to AST representation.
Generating RTLIL representation for module `\_80_mul'.
Generating RTLIL representation for module `\_90_soft_mul'.
Successfully finished Verilog frontend.

5.32.2. Continuing TECHMAP pass.
No more expansions possible.
<suppressed ~4 debug messages>

5.33. Executing ALUMACC pass (create $alu and $macc cells).
Extracting $alu and $macc cells in module MCE:
  creating $alu model for $gt$/cal/exterieurs/saitfora-23/2A/SE/souhail-ait-fora/median/synthese/../src/MCE.sv:8$1 ($gt): new $alu
  creating $alu cell for $gt$/cal/exterieurs/saitfora-23/2A/SE/souhail-ait-fora/median/synthese/../src/MCE.sv:8$1: $auto$alumacc.cc:485:replace_alu$133
  created 1 $alu and 0 $macc cells.

5.34. Executing IOPADMAP pass (mapping inputs/outputs to IO-PAD cells).
Mapping port MCE.A using MISTRAL_IB.
Mapping port MCE.B using MISTRAL_IB.
Mapping port MCE.MAX using MISTRAL_OB.
Mapping port MCE.MIN using MISTRAL_OB.

5.35. Executing TECHMAP pass (map to technology primitives).

5.35.1. Executing Verilog-2005 frontend: /comelec/softs/opt/yosys/current/bin/../share/yosys/intel_alm/common/arith_alm_map.v
Parsing Verilog input from `/comelec/softs/opt/yosys/current/bin/../share/yosys/intel_alm/common/arith_alm_map.v' to AST representation.
Generating RTLIL representation for module `\$alu'.
Successfully finished Verilog frontend.

5.35.2. Executing Verilog-2005 frontend: /comelec/softs/opt/yosys/current/bin/../share/yosys/intel_alm/common/dsp_map.v
Parsing Verilog input from `/comelec/softs/opt/yosys/current/bin/../share/yosys/intel_alm/common/dsp_map.v' to AST representation.
Generating RTLIL representation for module `\__MUL27X27'.
Generating RTLIL representation for module `\__MUL18X18'.
Generating RTLIL representation for module `\__MUL9X9'.
Successfully finished Verilog frontend.

5.35.3. Continuing TECHMAP pass.
Using template $paramod$09c2da2fd80113fcc7c84f56882b37fd4f3eecea\$alu for cells of type $alu.
No more expansions possible.
<suppressed ~30 debug messages>

5.36. Executing OPT pass (performing simple optimizations).

5.36.1. Executing OPT_EXPR pass (perform const folding).
Optimizing module MCE.
<suppressed ~3 debug messages>

5.36.2. Executing OPT_MERGE pass (detect identical cells).
Finding identical cells in module `\MCE'.
Removed a total of 0 cells.

5.36.3. Executing OPT_MUXTREE pass (detect dead branches in mux trees).
Running muxtree optimizer on module \MCE..
  Creating internal representation of mux trees.
  Evaluating internal representation of mux trees.
  Analyzing evaluation results.
Removed 0 multiplexer ports.
<suppressed ~2 debug messages>

5.36.4. Executing OPT_REDUCE pass (consolidate $*mux and $reduce_* inputs).
  Optimizing cells in module \MCE.
Performed a total of 0 changes.

5.36.5. Executing OPT_MERGE pass (detect identical cells).
Finding identical cells in module `\MCE'.
Removed a total of 0 cells.

5.36.6. Executing OPT_DFF pass (perform DFF optimizations).

5.36.7. Executing OPT_CLEAN pass (remove unused cells and wires).
Finding unused cells or wires in module \MCE..
Removed 43 unused cells and 59 unused wires.
<suppressed ~46 debug messages>

5.36.8. Executing OPT_EXPR pass (perform const folding).
Optimizing module MCE.

5.36.9. Rerunning OPT passes. (Maybe there is more to do..)

5.36.10. Executing OPT_MUXTREE pass (detect dead branches in mux trees).
Running muxtree optimizer on module \MCE..
  Creating internal representation of mux trees.
  Evaluating internal representation of mux trees.
  Analyzing evaluation results.
Removed 0 multiplexer ports.
<suppressed ~2 debug messages>

5.36.11. Executing OPT_REDUCE pass (consolidate $*mux and $reduce_* inputs).
  Optimizing cells in module \MCE.
Performed a total of 0 changes.

5.36.12. Executing OPT_MERGE pass (detect identical cells).
Finding identical cells in module `\MCE'.
Removed a total of 0 cells.

5.36.13. Executing OPT_DFF pass (perform DFF optimizations).

5.36.14. Executing OPT_CLEAN pass (remove unused cells and wires).
Finding unused cells or wires in module \MCE..

5.36.15. Executing OPT_EXPR pass (perform const folding).
Optimizing module MCE.

5.36.16. Finished OPT passes. (There is nothing left to do.)

5.37. Executing MEMORY pass.

5.37.1. Executing OPT_MEM pass (optimize memories).
Performed a total of 0 transformations.

5.37.2. Executing OPT_MEM_PRIORITY pass (removing unnecessary memory write priority relations).
Performed a total of 0 transformations.

5.37.3. Executing OPT_MEM_FEEDBACK pass (finding memory read-to-write feedback paths).

5.37.4. Executing MEMORY_BMUX2ROM pass (converting muxes to ROMs).

5.37.5. Executing MEMORY_DFF pass (merging $dff cells to $memrd).

5.37.6. Executing OPT_CLEAN pass (remove unused cells and wires).
Finding unused cells or wires in module \MCE..

5.37.7. Executing MEMORY_SHARE pass (consolidating $memrd/$memwr cells).

5.37.8. Executing OPT_MEM_WIDEN pass (optimize memories where all ports are wide).
Performed a total of 0 transformations.

5.37.9. Executing OPT_CLEAN pass (remove unused cells and wires).
Finding unused cells or wires in module \MCE..

5.37.10. Executing MEMORY_COLLECT pass (generating $mem cells).

5.38. Executing OPT_CLEAN pass (remove unused cells and wires).
Finding unused cells or wires in module \MCE..

5.39. Executing MEMORY_BRAM pass (mapping $mem cells to block memories).

5.40. Executing TECHMAP pass (map to technology primitives).

5.40.1. Executing Verilog-2005 frontend: /comelec/softs/opt/yosys/current/bin/../share/yosys/intel_alm/common/bram_m10k_map.v
Parsing Verilog input from `/comelec/softs/opt/yosys/current/bin/../share/yosys/intel_alm/common/bram_m10k_map.v' to AST representation.
Generating RTLIL representation for module `\$__MISTRAL_M10K'.
Successfully finished Verilog frontend.

5.40.2. Continuing TECHMAP pass.
No more expansions possible.
<suppressed ~3 debug messages>

5.41. Executing MEMORY_BRAM pass (mapping $mem cells to block memories).

5.42. Executing MEMORY_MAP pass (converting memories to logic and flip-flops).

5.43. Executing OPT pass (performing simple optimizations).

5.43.1. Executing OPT_EXPR pass (perform const folding).
Optimizing module MCE.

5.43.2. Executing OPT_MERGE pass (detect identical cells).
Finding identical cells in module `\MCE'.
Removed a total of 0 cells.

5.43.3. Executing OPT_MUXTREE pass (detect dead branches in mux trees).
Running muxtree optimizer on module \MCE..
  Creating internal representation of mux trees.
  Evaluating internal representation of mux trees.
  Analyzing evaluation results.
Removed 0 multiplexer ports.
<suppressed ~2 debug messages>

5.43.4. Executing OPT_REDUCE pass (consolidate $*mux and $reduce_* inputs).
  Optimizing cells in module \MCE.
Performed a total of 0 changes.

5.43.5. Executing OPT_MERGE pass (detect identical cells).
Finding identical cells in module `\MCE'.
Removed a total of 0 cells.

5.43.6. Executing OPT_SHARE pass.

5.43.7. Executing OPT_DFF pass (perform DFF optimizations).

5.43.8. Executing OPT_CLEAN pass (remove unused cells and wires).
Finding unused cells or wires in module \MCE..

5.43.9. Executing OPT_EXPR pass (perform const folding).
Optimizing module MCE.

5.43.10. Finished OPT passes. (There is nothing left to do.)

5.44. Executing TECHMAP pass (map to technology primitives).

5.44.1. Executing Verilog-2005 frontend: /comelec/softs/opt/yosys/current/bin/../share/yosys/techmap.v
Parsing Verilog input from `/comelec/softs/opt/yosys/current/bin/../share/yosys/techmap.v' to AST representation.
Generating RTLIL representation for module `\_90_simplemap_bool_ops'.
Generating RTLIL representation for module `\_90_simplemap_reduce_ops'.
Generating RTLIL representation for module `\_90_simplemap_logic_ops'.
Generating RTLIL representation for module `\_90_simplemap_compare_ops'.
Generating RTLIL representation for module `\_90_simplemap_various'.
Generating RTLIL representation for module `\_90_simplemap_registers'.
Generating RTLIL representation for module `\_90_shift_ops_shr_shl_sshl_sshr'.
Generating RTLIL representation for module `\_90_shift_shiftx'.
Generating RTLIL representation for module `\_90_fa'.
Generating RTLIL representation for module `\_90_lcu_brent_kung'.
Generating RTLIL representation for module `\_90_alu'.
Generating RTLIL representation for module `\_90_macc'.
Generating RTLIL representation for module `\_90_alumacc'.
Generating RTLIL representation for module `\$__div_mod_u'.
Generating RTLIL representation for module `\$__div_mod_trunc'.
Generating RTLIL representation for module `\_90_div'.
Generating RTLIL representation for module `\_90_mod'.
Generating RTLIL representation for module `\$__div_mod_floor'.
Generating RTLIL representation for module `\_90_divfloor'.
Generating RTLIL representation for module `\_90_modfloor'.
Generating RTLIL representation for module `\_90_pow'.
Generating RTLIL representation for module `\_90_pmux'.
Generating RTLIL representation for module `\_90_demux'.
Generating RTLIL representation for module `\_90_lut'.
Successfully finished Verilog frontend.

5.44.2. Continuing TECHMAP pass.
Using extmapper simplemap for cells of type $mux.
Using extmapper simplemap for cells of type $not.
Using extmapper simplemap for cells of type $reduce_and.
Using extmapper simplemap for cells of type $or.
Using extmapper simplemap for cells of type $logic_or.
Using extmapper simplemap for cells of type $logic_and.
Using extmapper simplemap for cells of type $xor.
No more expansions possible.
<suppressed ~86 debug messages>

5.45. Executing DFFLEGALIZE pass (convert FFs to types supported by the target).

5.46. Executing TECHMAP pass (map to technology primitives).

5.46.1. Executing Verilog-2005 frontend: /comelec/softs/opt/yosys/current/bin/../share/yosys/intel_alm/common/dff_map.v
Parsing Verilog input from `/comelec/softs/opt/yosys/current/bin/../share/yosys/intel_alm/common/dff_map.v' to AST representation.
Generating RTLIL representation for module `\$_DFFE_PN0P_'.
Generating RTLIL representation for module `\$_SDFFCE_PP0P_'.
Successfully finished Verilog frontend.

5.46.2. Continuing TECHMAP pass.
No more expansions possible.
<suppressed ~4 debug messages>

5.47. Executing OPT pass (performing simple optimizations).

5.47.1. Executing OPT_EXPR pass (perform const folding).
Optimizing module MCE.

5.47.2. Executing OPT_MERGE pass (detect identical cells).
Finding identical cells in module `\MCE'.
Removed a total of 0 cells.

5.47.3. Executing OPT_MUXTREE pass (detect dead branches in mux trees).
Running muxtree optimizer on module \MCE..
  Creating internal representation of mux trees.
  No muxes found in this module.
Removed 0 multiplexer ports.

5.47.4. Executing OPT_REDUCE pass (consolidate $*mux and $reduce_* inputs).
  Optimizing cells in module \MCE.
Performed a total of 0 changes.

5.47.5. Executing OPT_MERGE pass (detect identical cells).
Finding identical cells in module `\MCE'.
Removed a total of 0 cells.

5.47.6. Executing OPT_SHARE pass.

5.47.7. Executing OPT_DFF pass (perform DFF optimizations).

5.47.8. Executing OPT_CLEAN pass (remove unused cells and wires).
Finding unused cells or wires in module \MCE..
Removed 0 unused cells and 1 unused wires.
<suppressed ~1 debug messages>

5.47.9. Executing OPT_EXPR pass (perform const folding).
Optimizing module MCE.

5.47.10. Rerunning OPT passes. (Maybe there is more to do..)

5.47.11. Executing OPT_MUXTREE pass (detect dead branches in mux trees).
Running muxtree optimizer on module \MCE..
  Creating internal representation of mux trees.
  No muxes found in this module.
Removed 0 multiplexer ports.

5.47.12. Executing OPT_REDUCE pass (consolidate $*mux and $reduce_* inputs).
  Optimizing cells in module \MCE.
Performed a total of 0 changes.

5.47.13. Executing OPT_MERGE pass (detect identical cells).
Finding identical cells in module `\MCE'.
Removed a total of 0 cells.

5.47.14. Executing OPT_SHARE pass.

5.47.15. Executing OPT_DFF pass (perform DFF optimizations).

5.47.16. Executing OPT_CLEAN pass (remove unused cells and wires).
Finding unused cells or wires in module \MCE..

5.47.17. Executing OPT_EXPR pass (perform const folding).
Optimizing module MCE.

5.47.18. Finished OPT passes. (There is nothing left to do.)

5.48. Executing CLKBUFMAP pass (inserting clock buffers).

5.49. Executing TECHMAP pass (map to technology primitives).

5.49.1. Executing Verilog-2005 frontend: /comelec/softs/opt/yosys/current/bin/../share/yosys/intel_alm/common/abc9_map.v
Parsing Verilog input from `/comelec/softs/opt/yosys/current/bin/../share/yosys/intel_alm/common/abc9_map.v' to AST representation.
Generating RTLIL representation for module `\MISTRAL_FF'.
Successfully finished Verilog frontend.

5.49.2. Continuing TECHMAP pass.
No more expansions possible.
<suppressed ~3 debug messages>

5.50. Executing ABC9 pass.

5.50.1. Executing ABC9_OPS pass (helper functions for ABC9).

5.50.2. Executing ABC9_OPS pass (helper functions for ABC9).

5.50.3. Executing SCC pass (detecting logic loops).
Found 0 SCCs in module MCE.
Found 0 SCCs.

5.50.4. Executing ABC9_OPS pass (helper functions for ABC9).

5.50.5. Executing PROC pass (convert processes to netlists).

5.50.5.1. Executing PROC_CLEAN pass (remove empty switches from decision trees).
Cleaned up 0 empty switches.

5.50.5.2. Executing PROC_RMDEAD pass (remove dead branches from decision trees).
Removed a total of 0 dead cases.

5.50.5.3. Executing PROC_PRUNE pass (remove redundant assignments in processes).
Removed 0 redundant assignments.
Promoted 0 assignments to connections.

5.50.5.4. Executing PROC_INIT pass (extract init attributes).

5.50.5.5. Executing PROC_ARST pass (detect async resets in processes).

5.50.5.6. Executing PROC_ROM pass (convert switches to ROMs).
Converted 0 switches.

5.50.5.7. Executing PROC_MUX pass (convert decision trees to multiplexers).

5.50.5.8. Executing PROC_DLATCH pass (convert process syncs to latches).

5.50.5.9. Executing PROC_DFF pass (convert process syncs to FFs).

5.50.5.10. Executing PROC_MEMWR pass (convert process memory writes to cells).

5.50.5.11. Executing PROC_CLEAN pass (remove empty switches from decision trees).
Cleaned up 0 empty switches.

5.50.5.12. Executing OPT_EXPR pass (perform const folding).

5.50.6. Executing TECHMAP pass (map to technology primitives).

5.50.6.1. Executing Verilog-2005 frontend: /comelec/softs/opt/yosys/current/bin/../share/yosys/techmap.v
Parsing Verilog input from `/comelec/softs/opt/yosys/current/bin/../share/yosys/techmap.v' to AST representation.
Generating RTLIL representation for module `\_90_simplemap_bool_ops'.
Generating RTLIL representation for module `\_90_simplemap_reduce_ops'.
Generating RTLIL representation for module `\_90_simplemap_logic_ops'.
Generating RTLIL representation for module `\_90_simplemap_compare_ops'.
Generating RTLIL representation for module `\_90_simplemap_various'.
Generating RTLIL representation for module `\_90_simplemap_registers'.
Generating RTLIL representation for module `\_90_shift_ops_shr_shl_sshl_sshr'.
Generating RTLIL representation for module `\_90_shift_shiftx'.
Generating RTLIL representation for module `\_90_fa'.
Generating RTLIL representation for module `\_90_lcu_brent_kung'.
Generating RTLIL representation for module `\_90_alu'.
Generating RTLIL representation for module `\_90_macc'.
Generating RTLIL representation for module `\_90_alumacc'.
Generating RTLIL representation for module `\$__div_mod_u'.
Generating RTLIL representation for module `\$__div_mod_trunc'.
Generating RTLIL representation for module `\_90_div'.
Generating RTLIL representation for module `\_90_mod'.
Generating RTLIL representation for module `\$__div_mod_floor'.
Generating RTLIL representation for module `\_90_divfloor'.
Generating RTLIL representation for module `\_90_modfloor'.
Generating RTLIL representation for module `\_90_pow'.
Generating RTLIL representation for module `\_90_pmux'.
Generating RTLIL representation for module `\_90_demux'.
Generating RTLIL representation for module `\_90_lut'.
Successfully finished Verilog frontend.

5.50.6.2. Continuing TECHMAP pass.
No more expansions possible.
<suppressed ~119 debug messages>

5.50.7. Executing OPT pass (performing simple optimizations).

5.50.7.1. Executing OPT_EXPR pass (perform const folding).

5.50.7.2. Executing OPT_MERGE pass (detect identical cells).
Removed a total of 0 cells.

5.50.7.3. Executing OPT_MUXTREE pass (detect dead branches in mux trees).
Removed 0 multiplexer ports.

5.50.7.4. Executing OPT_REDUCE pass (consolidate $*mux and $reduce_* inputs).
Performed a total of 0 changes.

5.50.7.5. Executing OPT_MERGE pass (detect identical cells).
Removed a total of 0 cells.

5.50.7.6. Executing OPT_DFF pass (perform DFF optimizations).

5.50.7.7. Executing OPT_CLEAN pass (remove unused cells and wires).

5.50.7.8. Executing OPT_EXPR pass (perform const folding).

5.50.7.9. Finished OPT passes. (There is nothing left to do.)

5.50.8. Executing TECHMAP pass (map to technology primitives).

5.50.8.1. Executing Verilog-2005 frontend: /comelec/softs/opt/yosys/current/bin/../share/yosys/abc9_map.v
Parsing Verilog input from `/comelec/softs/opt/yosys/current/bin/../share/yosys/abc9_map.v' to AST representation.
Successfully finished Verilog frontend.

5.50.8.2. Continuing TECHMAP pass.
No more expansions possible.
<suppressed ~2 debug messages>

5.50.9. Executing Verilog-2005 frontend: /comelec/softs/opt/yosys/current/bin/../share/yosys/abc9_model.v
Parsing Verilog input from `/comelec/softs/opt/yosys/current/bin/../share/yosys/abc9_model.v' to AST representation.
Generating RTLIL representation for module `$__ABC9_DELAY'.
Generating RTLIL representation for module `$__ABC9_SCC_BREAKER'.
Generating RTLIL representation for module `$__DFF_N__$abc9_flop'.
Generating RTLIL representation for module `$__DFF_P__$abc9_flop'.
Successfully finished Verilog frontend.

5.50.10. Executing ABC9_OPS pass (helper functions for ABC9).
<suppressed ~2 debug messages>

5.50.11. Executing ABC9_OPS pass (helper functions for ABC9).

5.50.12. Executing ABC9_OPS pass (helper functions for ABC9).
<suppressed ~2 debug messages>

5.50.13. Executing TECHMAP pass (map to technology primitives).

5.50.13.1. Executing Verilog-2005 frontend: /comelec/softs/opt/yosys/current/bin/../share/yosys/techmap.v
Parsing Verilog input from `/comelec/softs/opt/yosys/current/bin/../share/yosys/techmap.v' to AST representation.
Generating RTLIL representation for module `\_90_simplemap_bool_ops'.
Generating RTLIL representation for module `\_90_simplemap_reduce_ops'.
Generating RTLIL representation for module `\_90_simplemap_logic_ops'.
Generating RTLIL representation for module `\_90_simplemap_compare_ops'.
Generating RTLIL representation for module `\_90_simplemap_various'.
Generating RTLIL representation for module `\_90_simplemap_registers'.
Generating RTLIL representation for module `\_90_shift_ops_shr_shl_sshl_sshr'.
Generating RTLIL representation for module `\_90_shift_shiftx'.
Generating RTLIL representation for module `\_90_fa'.
Generating RTLIL representation for module `\_90_lcu_brent_kung'.
Generating RTLIL representation for module `\_90_alu'.
Generating RTLIL representation for module `\_90_macc'.
Generating RTLIL representation for module `\_90_alumacc'.
Generating RTLIL representation for module `\$__div_mod_u'.
Generating RTLIL representation for module `\$__div_mod_trunc'.
Generating RTLIL representation for module `\_90_div'.
Generating RTLIL representation for module `\_90_mod'.
Generating RTLIL representation for module `\$__div_mod_floor'.
Generating RTLIL representation for module `\_90_divfloor'.
Generating RTLIL representation for module `\_90_modfloor'.
Generating RTLIL representation for module `\_90_pow'.
Generating RTLIL representation for module `\_90_pmux'.
Generating RTLIL representation for module `\_90_demux'.
Generating RTLIL representation for module `\_90_lut'.
Successfully finished Verilog frontend.

5.50.13.2. Continuing TECHMAP pass.
Using template $paramod\MISTRAL_ALUT_ARITH\LUT0=16'1010101010101010\LUT1=16'1100001111000011 for cells of type $paramod\MISTRAL_ALUT_ARITH\LUT0=16'1010101010101010\LUT1=16'1100001111000011.
Using template $paramod\MISTRAL_ALUT_ARITH\LUT0=16'1010101010101010\LUT1=16'0000000000000000 for cells of type $paramod\MISTRAL_ALUT_ARITH\LUT0=16'1010101010101010\LUT1=16'0000000000000000.
Running "alumacc" on wrapper $extern:wrap:$add:Y_WIDTH=2:B_WIDTH=1:A_WIDTH=2:B_SIGNED=0:A_SIGNED=0:394426c56d1a028ba8fdd5469b163e04011def47.
Using template $extern:wrap:$add:Y_WIDTH=2:B_WIDTH=1:A_WIDTH=2:B_SIGNED=0:A_SIGNED=0:394426c56d1a028ba8fdd5469b163e04011def47 for cells of type $extern:wrap:$add:Y_WIDTH=2:B_WIDTH=1:A_WIDTH=2:B_SIGNED=0:A_SIGNED=0:394426c56d1a028ba8fdd5469b163e04011def47.
Running "alumacc" on wrapper $extern:wrap:$add:Y_WIDTH=2:B_WIDTH=2:A_WIDTH=1:B_SIGNED=0:A_SIGNED=0:394426c56d1a028ba8fdd5469b163e04011def47.
Using template $extern:wrap:$add:Y_WIDTH=2:B_WIDTH=2:A_WIDTH=1:B_SIGNED=0:A_SIGNED=0:394426c56d1a028ba8fdd5469b163e04011def47 for cells of type $extern:wrap:$add:Y_WIDTH=2:B_WIDTH=2:A_WIDTH=1:B_SIGNED=0:A_SIGNED=0:394426c56d1a028ba8fdd5469b163e04011def47.
Using extmapper simplemap for cells of type $logic_not.
Using template $paramod$constmap:56b8783ba577858eda421dc9a52b6c51029bfb42$paramod$e31da3c1e7d1078ed1477dabeabe646dcd7d3c9b\_90_shift_ops_shr_shl_sshl_sshr for cells of type $shr.
Analyzing pattern of constant bits for this cell:
  Constant input on bit 0 of port A: 1'0
  Constant input on bit 1 of port A: 1'1
  Constant input on bit 2 of port A: 1'0
  Constant input on bit 3 of port A: 1'1
  Constant input on bit 4 of port A: 1'0
  Constant input on bit 5 of port A: 1'1
  Constant input on bit 6 of port A: 1'0
  Constant input on bit 7 of port A: 1'1
  Constant input on bit 8 of port A: 1'0
  Constant input on bit 9 of port A: 1'1
  Constant input on bit 10 of port A: 1'0
  Constant input on bit 11 of port A: 1'1
  Constant input on bit 12 of port A: 1'0
  Constant input on bit 13 of port A: 1'1
  Constant input on bit 14 of port A: 1'0
  Constant input on bit 15 of port A: 1'1
Creating constmapped module `$paramod$constmap:debecbbf3717e0f4c680abc85cfc533019b210d7$paramod$e31da3c1e7d1078ed1477dabeabe646dcd7d3c9b\_90_shift_ops_shr_shl_sshl_sshr'.

5.50.13.12. Executing OPT_MUXTREE pass (detect dead branches in mux trees).
Running muxtree optimizer on module $paramod$constmap:debecbbf3717e0f4c680abc85cfc533019b210d7$paramod$e31da3c1e7d1078ed1477dabeabe646dcd7d3c9b\_90_shift_ops_shr_shl_sshl_sshr..
  Creating internal representation of mux trees.
  No muxes found in this module.
Removed 0 multiplexer ports.
<suppressed ~456 debug messages>

5.50.13.13. Executing OPT_EXPR pass (perform const folding).
Optimizing module $paramod$constmap:debecbbf3717e0f4c680abc85cfc533019b210d7$paramod$e31da3c1e7d1078ed1477dabeabe646dcd7d3c9b\_90_shift_ops_shr_shl_sshl_sshr.
<suppressed ~149 debug messages>
Removed 0 unused cells and 12 unused wires.
Using template $paramod$constmap:debecbbf3717e0f4c680abc85cfc533019b210d7$paramod$e31da3c1e7d1078ed1477dabeabe646dcd7d3c9b\_90_shift_ops_shr_shl_sshl_sshr for cells of type $shr.
Analyzing pattern of constant bits for this cell:
  Constant input on bit 0 of port A: 1'0
  Constant input on bit 1 of port A: 1'0
  Constant input on bit 2 of port A: 1'0
  Constant input on bit 3 of port A: 1'0
  Constant input on bit 4 of port A: 1'0
  Constant input on bit 5 of port A: 1'0
  Constant input on bit 6 of port A: 1'0
  Constant input on bit 7 of port A: 1'0
  Constant input on bit 8 of port A: 1'0
  Constant input on bit 9 of port A: 1'0
  Constant input on bit 10 of port A: 1'0
  Constant input on bit 11 of port A: 1'0
  Constant input on bit 12 of port A: 1'0
  Constant input on bit 13 of port A: 1'0
  Constant input on bit 14 of port A: 1'0
  Constant input on bit 15 of port A: 1'0
Creating constmapped module `$paramod$constmap:da78d05fe2a90a9c124545790c51474a3466d748$paramod$e31da3c1e7d1078ed1477dabeabe646dcd7d3c9b\_90_shift_ops_shr_shl_sshl_sshr'.

5.50.13.14. Executing OPT_MUXTREE pass (detect dead branches in mux trees).
Running muxtree optimizer on module $paramod$constmap:da78d05fe2a90a9c124545790c51474a3466d748$paramod$e31da3c1e7d1078ed1477dabeabe646dcd7d3c9b\_90_shift_ops_shr_shl_sshl_sshr..
  Creating internal representation of mux trees.
  No muxes found in this module.
Removed 0 multiplexer ports.
<suppressed ~4 debug messages>

5.50.13.15. Executing OPT_EXPR pass (perform const folding).
Optimizing module $paramod$constmap:da78d05fe2a90a9c124545790c51474a3466d748$paramod$e31da3c1e7d1078ed1477dabeabe646dcd7d3c9b\_90_shift_ops_shr_shl_sshl_sshr.
<suppressed ~192 debug messages>
Removed 0 unused cells and 16 unused wires.
Using template $paramod$constmap:da78d05fe2a90a9c124545790c51474a3466d748$paramod$e31da3c1e7d1078ed1477dabeabe646dcd7d3c9b\_90_shift_ops_shr_shl_sshl_sshr for cells of type $shr.
Using template $paramod$175e67c02b86e96b1288b9dc100122520d7240d8\_90_alu for cells of type $alu.
Using extmapper simplemap for cells of type $xor.
Using extmapper simplemap for cells of type $and.
Using template $paramod\_90_lcu_brent_kung\WIDTH=32'00000000000000000000000000000010 for cells of type $lcu.
Using extmapper simplemap for cells of type $pos.
Using extmapper simplemap for cells of type $not.
Using extmapper simplemap for cells of type $or.
No more expansions possible.
<suppressed ~180 debug messages>

5.50.14. Executing OPT pass (performing simple optimizations).

5.50.14.1. Executing OPT_EXPR pass (perform const folding).
Optimizing module MCE.
<suppressed ~48 debug messages>

5.50.14.2. Executing OPT_MERGE pass (detect identical cells).
Finding identical cells in module `\MCE'.
<suppressed ~219 debug messages>
Removed a total of 73 cells.

5.50.14.3. Executing OPT_MUXTREE pass (detect dead branches in mux trees).
Running muxtree optimizer on module \MCE..
  Creating internal representation of mux trees.
  No muxes found in this module.
Removed 0 multiplexer ports.

5.50.14.4. Executing OPT_REDUCE pass (consolidate $*mux and $reduce_* inputs).
  Optimizing cells in module \MCE.
Performed a total of 0 changes.

5.50.14.5. Executing OPT_MERGE pass (detect identical cells).
Finding identical cells in module `\MCE'.
Removed a total of 0 cells.

5.50.14.6. Executing OPT_DFF pass (perform DFF optimizations).

5.50.14.7. Executing OPT_CLEAN pass (remove unused cells and wires).
Finding unused cells or wires in module \MCE..
Removed 60 unused cells and 186 unused wires.
<suppressed ~61 debug messages>

5.50.14.8. Executing OPT_EXPR pass (perform const folding).
Optimizing module MCE.
<suppressed ~1 debug messages>

5.50.14.9. Rerunning OPT passes. (Maybe there is more to do..)

5.50.14.10. Executing OPT_MUXTREE pass (detect dead branches in mux trees).
Running muxtree optimizer on module \MCE..
  Creating internal representation of mux trees.
  No muxes found in this module.
Removed 0 multiplexer ports.

5.50.14.11. Executing OPT_REDUCE pass (consolidate $*mux and $reduce_* inputs).
  Optimizing cells in module \MCE.
Performed a total of 0 changes.

5.50.14.12. Executing OPT_MERGE pass (detect identical cells).
Finding identical cells in module `\MCE'.
Removed a total of 0 cells.

5.50.14.13. Executing OPT_DFF pass (perform DFF optimizations).

5.50.14.14. Executing OPT_CLEAN pass (remove unused cells and wires).
Finding unused cells or wires in module \MCE..
Removed 0 unused cells and 1 unused wires.
<suppressed ~1 debug messages>

5.50.14.15. Executing OPT_EXPR pass (perform const folding).
Optimizing module MCE.

5.50.14.16. Rerunning OPT passes. (Maybe there is more to do..)

5.50.14.17. Executing OPT_MUXTREE pass (detect dead branches in mux trees).
Running muxtree optimizer on module \MCE..
  Creating internal representation of mux trees.
  No muxes found in this module.
Removed 0 multiplexer ports.

5.50.14.18. Executing OPT_REDUCE pass (consolidate $*mux and $reduce_* inputs).
  Optimizing cells in module \MCE.
Performed a total of 0 changes.

5.50.14.19. Executing OPT_MERGE pass (detect identical cells).
Finding identical cells in module `\MCE'.
Removed a total of 0 cells.

5.50.14.20. Executing OPT_DFF pass (perform DFF optimizations).

5.50.14.21. Executing OPT_CLEAN pass (remove unused cells and wires).
Finding unused cells or wires in module \MCE..

5.50.14.22. Executing OPT_EXPR pass (perform const folding).
Optimizing module MCE.

5.50.14.23. Finished OPT passes. (There is nothing left to do.)

5.50.15. Executing AIGMAP pass (map logic to AIG).
Module MCE: replaced 6 cells with 42 new cells, skipped 30 cells.
  replaced 2 cell types:
       5 $_XOR_
       1 $_MUX_
  not replaced 3 cell types:
      24 $specify2
       3 $_NOT_
       3 $_AND_

5.50.16. Executing AIGMAP pass (map logic to AIG).
Module MCE: replaced 29 cells with 194 new cells, skipped 59 cells.
  replaced 3 cell types:
       3 $_OR_
      10 $_XOR_
      16 $_MUX_
  not replaced 6 cell types:
       9 $_NOT_
       9 $_AND_
      16 MISTRAL_IB
      16 MISTRAL_OB
       8 $paramod\MISTRAL_ALUT_ARITH\LUT0=16'1010101010101010\LUT1=16'1100001111000011
       1 $paramod\MISTRAL_ALUT_ARITH\LUT0=16'1010101010101010\LUT1=16'0000000000000000

5.50.16.1. Executing ABC9_OPS pass (helper functions for ABC9).

5.50.16.2. Executing ABC9_OPS pass (helper functions for ABC9).

5.50.16.3. Executing XAIGER backend.
<suppressed ~11 debug messages>
Extracted 90 AND gates and 295 wires from module `MCE' to a netlist network with 48 inputs and 32 outputs.

5.50.16.4. Executing ABC9_EXE pass (technology mapping using ABC9).

5.50.16.5. Executing ABC9.
Running ABC command: "<yosys-exe-dir>/yosys-abc" -s -f <abc-temp-dir>/abc.script 2>&1
ABC: ABC command line: "source <abc-temp-dir>/abc.script".
ABC: 
ABC: + read_lut <abc-temp-dir>/input.lut 
ABC: + read_box <abc-temp-dir>/input.box 
ABC: + &read <abc-temp-dir>/input.xaig 
ABC: + &ps 
ABC: <abc-temp-dir>/input : i/o =     48/     32  and =      88  lev =    9 (1.67)  mem = 0.00 MB  box = 9  bb = 0
ABC: + &scorr 
ABC: Warning: The network is combinational.
ABC: + &sweep 
ABC: + &dc2 
ABC: + &dch -f 
ABC: + &ps 
ABC: <abc-temp-dir>/input : i/o =     48/     32  and =     148  lev =    8 (1.47)  mem = 0.01 MB  ch =   19  box = 9  bb = 0
ABC: + &if -W 600 -v 
ABC: K = 6. Memory (bytes): Truth =    0. Cut =   60. Obj =  144. Set =  636. CutMin = no
ABC: Node =     148.  Ch =    18.  Total mem =    0.05 MB. Peak cut mem =    0.01 MB.
ABC: P:  Del = 3203.00.  Ar =      25.0.  Edge =      105.  Cut =     1482.  T =     0.00 sec
ABC: P:  Del = 3203.00.  Ar =      38.0.  Edge =      118.  Cut =     1414.  T =     0.00 sec
ABC: P:  Del = 3203.00.  Ar =      36.0.  Edge =      112.  Cut =     1944.  T =     0.00 sec
ABC: F:  Del = 3203.00.  Ar =      36.0.  Edge =      112.  Cut =     2097.  T =     0.00 sec
ABC: A:  Del = 3203.00.  Ar =      36.0.  Edge =      111.  Cut =     2097.  T =     0.00 sec
ABC: A:  Del = 3203.00.  Ar =      36.0.  Edge =      111.  Cut =     2119.  T =     0.00 sec
ABC: Total time =     0.00 sec
ABC: + &write -n <abc-temp-dir>/output.aig 
ABC: + &mfs 
ABC: + &ps -l 
ABC: <abc-temp-dir>/input : i/o =     48/     32  and =     146  lev =    5 (0.81)  mem = 0.01 MB  box = 9  bb = 0
ABC: Mapping (K=5)  :  lut =     16  edge =      72  lev =    1 (0.19)  Boxes are not in a topological order. Switching to level computation without boxes.
ABC: levB =    5  mem = 0.00 MB
ABC: LUT = 16 : 2=2 12.5 %  3=0 0.0 %  4=2 12.5 %  5=12 75.0 %  Ave = 4.50
ABC: + &write -n <abc-temp-dir>/output.aig 
ABC: + time 
ABC: elapse: 0.10 seconds, total: 0.10 seconds

5.50.16.6. Executing AIGER frontend.
<suppressed ~172 debug messages>
Removed 275 unused cells and 460 unused wires.

5.50.16.7. Executing ABC9_OPS pass (helper functions for ABC9).
ABC RESULTS:              $lut cells:       16
ABC RESULTS:   $paramod\MISTRAL_ALUT_ARITH\LUT0=16'1010101010101010\LUT1=16'1100001111000011 cells:        8
ABC RESULTS:   $paramod\MISTRAL_ALUT_ARITH\LUT0=16'1010101010101010\LUT1=16'0000000000000000 cells:        1
ABC RESULTS:           input signals:        4
ABC RESULTS:          output signals:        4
Removing temp directory.

5.50.17. Executing TECHMAP pass (map to technology primitives).

5.50.17.1. Executing Verilog-2005 frontend: /comelec/softs/opt/yosys/current/bin/../share/yosys/abc9_unmap.v
Parsing Verilog input from `/comelec/softs/opt/yosys/current/bin/../share/yosys/abc9_unmap.v' to AST representation.
Generating RTLIL representation for module `\$__DFF_x__$abc9_flop'.
Generating RTLIL representation for module `\$__ABC9_SCC_BREAKER'.
Successfully finished Verilog frontend.

5.50.17.2. Continuing TECHMAP pass.
Using template $paramod\MISTRAL_ALUT_ARITH\LUT0=16'1010101010101010\LUT1=16'0000000000000000 for cells of type $paramod\MISTRAL_ALUT_ARITH\LUT0=16'1010101010101010\LUT1=16'0000000000000000.
Using template $paramod\MISTRAL_ALUT_ARITH\LUT0=16'1010101010101010\LUT1=16'1100001111000011 for cells of type $paramod\MISTRAL_ALUT_ARITH\LUT0=16'1010101010101010\LUT1=16'1100001111000011.
No more expansions possible.
<suppressed ~16 debug messages>

5.51. Executing TECHMAP pass (map to technology primitives).

5.51.1. Executing Verilog-2005 frontend: /comelec/softs/opt/yosys/current/bin/../share/yosys/intel_alm/common/abc9_unmap.v
Parsing Verilog input from `/comelec/softs/opt/yosys/current/bin/../share/yosys/intel_alm/common/abc9_unmap.v' to AST representation.
Generating RTLIL representation for module `\$__MISTRAL_FF_SYNCONLY'.
Successfully finished Verilog frontend.

5.51.2. Continuing TECHMAP pass.
No more expansions possible.
<suppressed ~3 debug messages>

5.52. Executing TECHMAP pass (map to technology primitives).

5.52.1. Executing Verilog-2005 frontend: /comelec/softs/opt/yosys/current/bin/../share/yosys/intel_alm/common/alm_map.v
Parsing Verilog input from `/comelec/softs/opt/yosys/current/bin/../share/yosys/intel_alm/common/alm_map.v' to AST representation.
Generating RTLIL representation for module `\$lut'.
Successfully finished Verilog frontend.

5.52.2. Continuing TECHMAP pass.
Using template $paramod\$lut\WIDTH=32'00000000000000000000000000000010\LUT=4'0001 for cells of type $lut.
Using template $paramod$ad62bb4deef7a8a725e7c6577ec10217b9e4ff99\$lut for cells of type $lut.
Using template $paramod$f0168d269579bd94f7c20bd517de2df69cbcbf79\$lut for cells of type $lut.
Using template $paramod$0c0b09c453db0dea0f7026f2c61d6d78a7b8e040\$lut for cells of type $lut.
Using template $paramod$a7bed52bc1f97aa5e7ee0ca4b086c9de0dcc5dd8\$lut for cells of type $lut.
Using template $paramod$010754f1d04bf7525626468f698a49e830e1e69c\$lut for cells of type $lut.
Using template $paramod\$lut\WIDTH=32'00000000000000000000000000000010\LUT=4'1000 for cells of type $lut.
Using template $paramod\$lut\WIDTH=32'00000000000000000000000000000010\LUT=4'1110 for cells of type $lut.
No more expansions possible.
<suppressed ~125 debug messages>

5.53. Executing OPT pass (performing simple optimizations).

5.53.1. Executing OPT_EXPR pass (perform const folding).
Optimizing module MCE.

5.53.2. Executing OPT_MERGE pass (detect identical cells).
Finding identical cells in module `\MCE'.
Removed a total of 0 cells.

5.53.3. Executing OPT_DFF pass (perform DFF optimizations).

5.53.4. Executing OPT_CLEAN pass (remove unused cells and wires).
Finding unused cells or wires in module \MCE..
Removed 2 unused cells and 361 unused wires.
<suppressed ~3 debug messages>

5.53.5. Finished fast OPT passes.

5.54. Executing AUTONAME pass.
Renamed 195 objects in module MCE (31 iterations).
<suppressed ~79 debug messages>

5.55. Executing HIERARCHY pass (managing design hierarchy).
Attribute `top' found on module `MCE'. Setting top module to MCE.

5.55.1. Analyzing design hierarchy..
Top module:  \MCE

5.55.2. Analyzing design hierarchy..
Top module:  \MCE
Removed 0 unused modules.

5.56. Printing statistics.

=== MCE ===

   Number of wires:                 26
   Number of wire bits:             86
   Number of public wires:          26
   Number of public wire bits:      86
   Number of ports:                  4
   Number of port bits:             32
   Number of memories:               0
   Number of memory bits:            0
   Number of processes:              0
   Number of cells:                 57
     MISTRAL_ALUT2                   2
     MISTRAL_ALUT4                   2
     MISTRAL_ALUT5                  12
     MISTRAL_ALUT_ARITH              9
     MISTRAL_IB                     16
     MISTRAL_OB                     16

5.57. Executing CHECK pass (checking for obvious problems).
Checking module MCE...
Found and reported 0 problems.

6. Executing JSON backend.

7. Executing Verilog backend.

7.1. Executing BMUXMAP pass.

7.2. Executing DEMUXMAP pass.
Dumping module `\MCE'.

End of script. Logfile hash: 2baa521a80, CPU: user 0.56s system 0.05s, MEM: 31.10 MB peak
Yosys 0.48+51 (git sha1 17a53b838, g++ 12.2.0-14 -fPIC -O3)
Time spent: 18% 40x read_verilog (0 sec), 16% 1x abc9_exe (0 sec), ...
